[9.126s] DEBUG:colcon:Command line arguments: ['/usr/bin/colcon', 'build']
[9.127s] DEBUG:colcon:Parsed command line arguments: Namespace(log_base=None, log_level=None, verb_name='build', build_base='build', install_base='install', merge_install=False, symlink_install=False, test_result_base=None, continue_on_error=False, executor='parallel', parallel_workers=4, event_handlers=None, ignore_user_meta=False, metas=['./colcon.meta'], base_paths=['.'], packages_ignore=None, packages_ignore_regex=None, paths=None, packages_up_to=None, packages_up_to_regex=None, packages_above=None, packages_above_and_dependencies=None, packages_above_depth=None, packages_select_by_dep=None, packages_skip_by_dep=None, packages_skip_up_to=None, packages_select_build_failed=False, packages_skip_build_finished=False, packages_select_test_failures=False, packages_skip_test_passed=False, packages_select=None, packages_skip=None, packages_select_regex=None, packages_skip_regex=None, packages_start=None, packages_end=None, allow_overriding=[], cmake_args=None, cmake_target=None, cmake_target_skip_unavailable=False, cmake_clean_cache=False, cmake_clean_first=False, cmake_force_configure=False, ament_cmake_args=None, catkin_cmake_args=None, catkin_skip_building_tests=False, verb_parser=<colcon_defaults.argument_parser.defaults.DefaultArgumentsDecorator object at 0xffff8e1ae290>, verb_extension=<colcon_core.verb.build.BuildVerb object at 0xffff8e4a0cd0>, main=<bound method BuildVerb.main of <colcon_core.verb.build.BuildVerb object at 0xffff8e4a0cd0>>)
[9.538s] Level 1:colcon.colcon_core.package_discovery:discover_packages(colcon_meta) check parameters
[9.539s] Level 1:colcon.colcon_core.package_discovery:discover_packages(recursive) check parameters
[9.540s] Level 1:colcon.colcon_core.package_discovery:discover_packages(ignore) check parameters
[9.540s] Level 1:colcon.colcon_core.package_discovery:discover_packages(path) check parameters
[9.540s] Level 1:colcon.colcon_core.package_discovery:discover_packages(colcon_meta) discover
[9.541s] Level 1:colcon.colcon_core.package_discovery:discover_packages(recursive) discover
[9.541s] INFO:colcon.colcon_core.package_discovery:Crawling recursively for packages in '/home/jhsrobo/pcorews/src/gpio_interface'
[9.542s] Level 1:colcon.colcon_core.package_identification:_identify(.) by extensions ['ignore', 'ignore_ament_install']
[9.543s] Level 1:colcon.colcon_core.package_identification:_identify(.) by extension 'ignore'
[9.544s] Level 1:colcon.colcon_core.package_identification:_identify(.) by extension 'ignore_ament_install'
[9.544s] Level 1:colcon.colcon_core.package_identification:_identify(.) by extensions ['colcon_pkg']
[9.545s] Level 1:colcon.colcon_core.package_identification:_identify(.) by extension 'colcon_pkg'
[9.545s] Level 1:colcon.colcon_core.package_identification:_identify(.) by extensions ['colcon_meta']
[9.546s] Level 1:colcon.colcon_core.package_identification:_identify(.) by extension 'colcon_meta'
[9.546s] Level 1:colcon.colcon_core.package_identification:_identify(.) by extensions ['ros']
[9.546s] Level 1:colcon.colcon_core.package_identification:_identify(.) by extension 'ros'
[9.662s] DEBUG:colcon.colcon_core.package_identification:Package '.' with type 'ros.ament_python' and name 'gpio_interface'
[9.662s] Level 1:colcon.colcon_core.package_discovery:discover_packages(recursive) using defaults
[9.663s] Level 1:colcon.colcon_core.package_discovery:discover_packages(ignore) discover
[9.663s] Level 1:colcon.colcon_core.package_discovery:discover_packages(ignore) using defaults
[9.663s] Level 1:colcon.colcon_core.package_discovery:discover_packages(path) discover
[9.664s] Level 1:colcon.colcon_core.package_discovery:discover_packages(path) using defaults
[10.476s] Level 1:colcon.colcon_core.package_discovery:discover_packages(prefix_path) check parameters
[10.477s] Level 1:colcon.colcon_core.package_discovery:discover_packages(prefix_path) discover
[10.745s] DEBUG:colcon.colcon_installed_package_information.package_discovery:Found 1 installed packages in /home/jhsrobo/pcorews/src/gpio_interface/install
[10.873s] DEBUG:colcon.colcon_installed_package_information.package_discovery:Found 2 installed packages in /home/jhsrobo/pcorews/install
[11.018s] DEBUG:colcon.colcon_installed_package_information.package_discovery:Found 182 installed packages in /opt/ros/humble
[11.027s] Level 1:colcon.colcon_core.package_discovery:discover_packages(prefix_path) using defaults
[11.669s] Level 5:colcon.colcon_core.verb:set package 'gpio_interface' build argument 'cmake_args' from command line to 'None'
[11.669s] Level 5:colcon.colcon_core.verb:set package 'gpio_interface' build argument 'cmake_target' from command line to 'None'
[11.670s] Level 5:colcon.colcon_core.verb:set package 'gpio_interface' build argument 'cmake_target_skip_unavailable' from command line to 'False'
[11.670s] Level 5:colcon.colcon_core.verb:set package 'gpio_interface' build argument 'cmake_clean_cache' from command line to 'False'
[11.670s] Level 5:colcon.colcon_core.verb:set package 'gpio_interface' build argument 'cmake_clean_first' from command line to 'False'
[11.670s] Level 5:colcon.colcon_core.verb:set package 'gpio_interface' build argument 'cmake_force_configure' from command line to 'False'
[11.671s] Level 5:colcon.colcon_core.verb:set package 'gpio_interface' build argument 'ament_cmake_args' from command line to 'None'
[11.671s] Level 5:colcon.colcon_core.verb:set package 'gpio_interface' build argument 'catkin_cmake_args' from command line to 'None'
[11.671s] Level 5:colcon.colcon_core.verb:set package 'gpio_interface' build argument 'catkin_skip_building_tests' from command line to 'False'
[11.671s] DEBUG:colcon.colcon_core.verb:Building package 'gpio_interface' with the following arguments: {'ament_cmake_args': None, 'build_base': '/home/jhsrobo/pcorews/src/gpio_interface/build/gpio_interface', 'catkin_cmake_args': None, 'catkin_skip_building_tests': False, 'cmake_args': None, 'cmake_clean_cache': False, 'cmake_clean_first': False, 'cmake_force_configure': False, 'cmake_target': None, 'cmake_target_skip_unavailable': False, 'install_base': '/home/jhsrobo/pcorews/src/gpio_interface/install/gpio_interface', 'merge_install': False, 'path': '/home/jhsrobo/pcorews/src/gpio_interface', 'symlink_install': False, 'test_result_base': None}
[11.801s] INFO:colcon.colcon_core.executor:Executing jobs using 'parallel' executor
[11.931s] DEBUG:colcon.colcon_parallel_executor.executor.parallel:run_until_complete
[11.934s] INFO:colcon.colcon_ros.task.ament_python.build:Building ROS package in '/home/jhsrobo/pcorews/src/gpio_interface' with build type 'ament_python'
[11.935s] Level 1:colcon.colcon_core.shell:create_environment_hook('gpio_interface', 'ament_prefix_path')
[12.093s] INFO:colcon.colcon_core.plugin_system:Skipping extension 'colcon_core.shell.bat': Not used on non-Windows systems
[12.095s] INFO:colcon.colcon_core.shell:Creating environment hook '/home/jhsrobo/pcorews/src/gpio_interface/install/gpio_interface/share/gpio_interface/hook/ament_prefix_path.ps1'
[12.100s] INFO:colcon.colcon_core.shell:Creating environment descriptor '/home/jhsrobo/pcorews/src/gpio_interface/install/gpio_interface/share/gpio_interface/hook/ament_prefix_path.dsv'
[12.104s] INFO:colcon.colcon_core.shell:Creating environment hook '/home/jhsrobo/pcorews/src/gpio_interface/install/gpio_interface/share/gpio_interface/hook/ament_prefix_path.sh'
[12.247s] INFO:colcon.colcon_core.shell:Skip shell extension 'powershell' for command environment: Not usable outside of PowerShell
[12.248s] DEBUG:colcon.colcon_core.shell:Skip shell extension 'dsv' for command environment
[15.429s] INFO:colcon.colcon_core.task.python.build:Building Python package in '/home/jhsrobo/pcorews/src/gpio_interface'
[15.568s] INFO:colcon.colcon_core.shell:Skip shell extension 'powershell' for command environment: Not usable outside of PowerShell
[15.569s] DEBUG:colcon.colcon_core.shell:Skip shell extension 'dsv' for command environment
[19.711s] DEBUG:colcon.colcon_core.event_handler.log_command:Invoking command in '/home/jhsrobo/pcorews/src/gpio_interface': PYTHONPATH=/home/jhsrobo/pcorews/src/gpio_interface/build/gpio_interface/prefix_override:/home/jhsrobo/pcorews/src/gpio_interface/install/gpio_interface/lib/python3.10/site-packages:${PYTHONPATH} /usr/bin/python3 setup.py egg_info --egg-base build/gpio_interface build --build-base /home/jhsrobo/pcorews/src/gpio_interface/build/gpio_interface/build install --record /home/jhsrobo/pcorews/src/gpio_interface/build/gpio_interface/install.log --single-version-externally-managed
[22.617s] DEBUG:colcon.colcon_core.event_handler.log_command:Invoked command in '/home/jhsrobo/pcorews/src/gpio_interface' returned '0': PYTHONPATH=/home/jhsrobo/pcorews/src/gpio_interface/build/gpio_interface/prefix_override:/home/jhsrobo/pcorews/src/gpio_interface/install/gpio_interface/lib/python3.10/site-packages:${PYTHONPATH} /usr/bin/python3 setup.py egg_info --egg-base build/gpio_interface build --build-base /home/jhsrobo/pcorews/src/gpio_interface/build/gpio_interface/build install --record /home/jhsrobo/pcorews/src/gpio_interface/build/gpio_interface/install.log --single-version-externally-managed
[22.776s] Level 1:colcon.colcon_core.environment:checking '/home/jhsrobo/pcorews/src/gpio_interface/install/gpio_interface' for CMake module files
[22.780s] Level 1:colcon.colcon_core.environment:checking '/home/jhsrobo/pcorews/src/gpio_interface/install/gpio_interface' for CMake config files
[22.789s] Level 1:colcon.colcon_core.environment:checking '/home/jhsrobo/pcorews/src/gpio_interface/install/gpio_interface/lib'
[22.791s] Level 1:colcon.colcon_core.environment:checking '/home/jhsrobo/pcorews/src/gpio_interface/install/gpio_interface/bin'
[22.792s] Level 1:colcon.colcon_core.environment:checking '/home/jhsrobo/pcorews/src/gpio_interface/install/gpio_interface/lib/pkgconfig/gpio_interface.pc'
[22.794s] Level 1:colcon.colcon_core.environment:checking '/home/jhsrobo/pcorews/src/gpio_interface/install/gpio_interface/lib/python3.10/site-packages'
[22.795s] Level 1:colcon.colcon_core.shell:create_environment_hook('gpio_interface', 'pythonpath')
[22.926s] INFO:colcon.colcon_core.shell:Creating environment hook '/home/jhsrobo/pcorews/src/gpio_interface/install/gpio_interface/share/gpio_interface/hook/pythonpath.ps1'
[22.930s] INFO:colcon.colcon_core.shell:Creating environment descriptor '/home/jhsrobo/pcorews/src/gpio_interface/install/gpio_interface/share/gpio_interface/hook/pythonpath.dsv'
[22.933s] INFO:colcon.colcon_core.shell:Creating environment hook '/home/jhsrobo/pcorews/src/gpio_interface/install/gpio_interface/share/gpio_interface/hook/pythonpath.sh'
[22.941s] Level 1:colcon.colcon_core.environment:checking '/home/jhsrobo/pcorews/src/gpio_interface/install/gpio_interface/bin'
[22.943s] Level 1:colcon.colcon_core.environment:create_environment_scripts_only(gpio_interface)
[23.142s] INFO:colcon.colcon_core.shell:Creating package script '/home/jhsrobo/pcorews/src/gpio_interface/install/gpio_interface/share/gpio_interface/package.ps1'
[23.149s] INFO:colcon.colcon_core.shell:Creating package descriptor '/home/jhsrobo/pcorews/src/gpio_interface/install/gpio_interface/share/gpio_interface/package.dsv'
[23.154s] INFO:colcon.colcon_core.shell:Creating package script '/home/jhsrobo/pcorews/src/gpio_interface/install/gpio_interface/share/gpio_interface/package.sh'
[23.161s] INFO:colcon.colcon_core.shell:Creating package script '/home/jhsrobo/pcorews/src/gpio_interface/install/gpio_interface/share/gpio_interface/package.bash'
[23.168s] INFO:colcon.colcon_core.shell:Creating package script '/home/jhsrobo/pcorews/src/gpio_interface/install/gpio_interface/share/gpio_interface/package.zsh'
[23.174s] Level 1:colcon.colcon_core.environment:create_file_with_runtime_dependencies(/home/jhsrobo/pcorews/src/gpio_interface/install/gpio_interface/share/colcon-core/packages/gpio_interface)
[23.177s] DEBUG:colcon.colcon_parallel_executor.executor.parallel:closing loop
[23.179s] DEBUG:colcon.colcon_parallel_executor.executor.parallel:loop closed
[23.180s] DEBUG:colcon.colcon_parallel_executor.executor.parallel:run_until_complete finished with '0'
[23.181s] DEBUG:colcon.colcon_core.event_reactor:joining thread
[23.361s] INFO:colcon.colcon_core.plugin_system:Skipping extension 'colcon_notification.desktop_notification.notify_send': Could not find 'notify-send'
[23.362s] INFO:colcon.colcon_core.plugin_system:Skipping extension 'colcon_notification.desktop_notification.terminal_notifier': Not used on non-Darwin systems
[23.362s] INFO:colcon.colcon_core.plugin_system:Skipping extension 'colcon_notification.desktop_notification.win32': Not used on non-Windows systems
[23.363s] INFO:colcon.colcon_notification.desktop_notification:Sending desktop notification using 'notify2'
[23.368s] DEBUG:colcon.colcon_notification.desktop_notification.notify2:Failed to initialize notify2: org.freedesktop.DBus.Error.ServiceUnknown: The name org.freedesktop.Notifications was not provided by any .service files
[23.369s] DEBUG:colcon.colcon_core.event_reactor:joined thread
[23.501s] INFO:colcon.colcon_core.shell:Creating prefix script '/home/jhsrobo/pcorews/src/gpio_interface/install/local_setup.ps1'
[23.509s] INFO:colcon.colcon_core.shell:Creating prefix util module '/home/jhsrobo/pcorews/src/gpio_interface/install/_local_setup_util_ps1.py'
[23.521s] INFO:colcon.colcon_core.shell:Creating prefix chain script '/home/jhsrobo/pcorews/src/gpio_interface/install/setup.ps1'
[23.661s] INFO:colcon.colcon_core.shell:Creating prefix script '/home/jhsrobo/pcorews/src/gpio_interface/install/local_setup.sh'
[23.667s] INFO:colcon.colcon_core.shell:Creating prefix util module '/home/jhsrobo/pcorews/src/gpio_interface/install/_local_setup_util_sh.py'
[23.672s] INFO:colcon.colcon_core.shell:Creating prefix chain script '/home/jhsrobo/pcorews/src/gpio_interface/install/setup.sh'
[23.814s] INFO:colcon.colcon_core.shell:Creating prefix script '/home/jhsrobo/pcorews/src/gpio_interface/install/local_setup.bash'
[23.820s] INFO:colcon.colcon_core.shell:Creating prefix chain script '/home/jhsrobo/pcorews/src/gpio_interface/install/setup.bash'
[23.956s] INFO:colcon.colcon_core.shell:Creating prefix script '/home/jhsrobo/pcorews/src/gpio_interface/install/local_setup.zsh'
[23.962s] INFO:colcon.colcon_core.shell:Creating prefix chain script '/home/jhsrobo/pcorews/src/gpio_interface/install/setup.zsh'
