[7.773s] Invoking command in '/home/jhsrobo/pcorews/src/gpio_interface': PYTHONPATH=/home/jhsrobo/pcorews/src/gpio_interface/build/gpio_interface/prefix_override:/home/jhsrobo/pcorews/src/gpio_interface/install/gpio_interface/lib/python3.10/site-packages:${PYTHONPATH} /usr/bin/python3 setup.py egg_info --egg-base build/gpio_interface build --build-base /home/jhsrobo/pcorews/src/gpio_interface/build/gpio_interface/build install --record /home/jhsrobo/pcorews/src/gpio_interface/build/gpio_interface/install.log --single-version-externally-managed
[10.171s] running egg_info
[10.176s] writing build/gpio_interface/gpio_interface.egg-info/PKG-INFO
[10.179s] writing dependency_links to build/gpio_interface/gpio_interface.egg-info/dependency_links.txt
[10.180s] writing entry points to build/gpio_interface/gpio_interface.egg-info/entry_points.txt
[10.182s] writing requirements to build/gpio_interface/gpio_interface.egg-info/requires.txt
[10.184s] writing top-level names to build/gpio_interface/gpio_interface.egg-info/top_level.txt
[10.198s] reading manifest file 'build/gpio_interface/gpio_interface.egg-info/SOURCES.txt'
[10.207s] writing manifest file 'build/gpio_interface/gpio_interface.egg-info/SOURCES.txt'
[10.209s] running build
[10.210s] running build_py
[10.211s] copying gpio_interface/gpio_interface.py -> /home/jhsrobo/pcorews/src/gpio_interface/build/gpio_interface/build/lib/gpio_interface
[10.214s] running install
[10.216s] running install_lib
[10.222s] copying /home/jhsrobo/pcorews/src/gpio_interface/build/gpio_interface/build/lib/gpio_interface/gpio_interface.py -> /home/jhsrobo/pcorews/src/gpio_interface/install/gpio_interface/lib/python3.10/site-packages/gpio_interface
[10.228s] byte-compiling /home/jhsrobo/pcorews/src/gpio_interface/install/gpio_interface/lib/python3.10/site-packages/gpio_interface/gpio_interface.py to gpio_interface.cpython-310.pyc
[10.233s] running install_data
[10.239s] running install_egg_info
[10.255s] removing '/home/jhsrobo/pcorews/src/gpio_interface/install/gpio_interface/lib/python3.10/site-packages/gpio_interface-0.0.0-py3.10.egg-info' (and everything under it)
[10.258s] Copying build/gpio_interface/gpio_interface.egg-info to /home/jhsrobo/pcorews/src/gpio_interface/install/gpio_interface/lib/python3.10/site-packages/gpio_interface-0.0.0-py3.10.egg-info
[10.269s] running install_scripts
[10.419s] Installing gpio_interface script to /home/jhsrobo/pcorews/src/gpio_interface/install/gpio_interface/lib/gpio_interface
[10.423s] writing list of installed files to '/home/jhsrobo/pcorews/src/gpio_interface/build/gpio_interface/install.log'
[10.679s] Invoked command in '/home/jhsrobo/pcorews/src/gpio_interface' returned '0': PYTHONPATH=/home/jhsrobo/pcorews/src/gpio_interface/build/gpio_interface/prefix_override:/home/jhsrobo/pcorews/src/gpio_interface/install/gpio_interface/lib/python3.10/site-packages:${PYTHONPATH} /usr/bin/python3 setup.py egg_info --egg-base build/gpio_interface build --build-base /home/jhsrobo/pcorews/src/gpio_interface/build/gpio_interface/build install --record /home/jhsrobo/pcorews/src/gpio_interface/build/gpio_interface/install.log --single-version-externally-managed
